<?xml version="1.0" encoding="UTF-8"?>
<!-- Generated by org.testng.reporters.JUnitReportReporter -->
<testsuite hostname="LAPTOP-2HDSC3M4" failures="0" tests="1" name="com.guru.qa.testcase.Newacctest" time="7.022" errors="0" timestamp="2022-11-01T08:37:09 IST" skipped="0">
  <testcase classname="com.guru.qa.testcase.Newacctest" name="nnn" time="7.022"/>
  <system-out/>
</testsuite> <!-- com.guru.qa.testcase.Newacctest -->
