<?xml version="1.0" encoding="UTF-8"?>
<!-- Generated by org.testng.reporters.JUnitReportReporter -->
<testsuite hostname="LAPTOP-2HDSC3M4" failures="0" tests="1" name="com.freecrm.qa.test.logintest" time="9.005" errors="0" timestamp="2022-10-27T13:25:57 IST" skipped="0">
  <testcase classname="com.freecrm.qa.test.logintest" name="logintestmethod" time="9.005"/>
  <system-out/>
</testsuite> <!-- com.freecrm.qa.test.logintest -->
