<?xml version="1.0" encoding="UTF-8"?>
<!-- Generated by org.testng.reporters.JUnitReportReporter -->
<testsuite hostname="LAPTOP-2HDSC3M4" failures="0" tests="1" name="com.guru.qa.testcase.addingdetails" time="8.857" errors="0" timestamp="2022-11-01T08:52:14 IST" skipped="0">
  <testcase classname="com.guru.qa.testcase.addingdetails" name="deatils" time="8.857"/>
  <system-out/>
</testsuite> <!-- com.guru.qa.testcase.addingdetails -->
