<?xml version="1.0" encoding="UTF-8"?>
<!-- Generated by org.testng.reporters.JUnitReportReporter -->
<testsuite hostname="LAPTOP-2HDSC3M4" failures="0" tests="1" name="com.freecrm.qa.test.homepagetest" time="8.020" errors="0" timestamp="2022-10-23T15:08:11 IST" skipped="0">
  <testcase classname="com.freecrm.qa.test.homepagetest" name="test" time="8.020"/>
  <system-out/>
</testsuite> <!-- com.freecrm.qa.test.homepagetest -->
