<?xml version="1.0" encoding="UTF-8"?>
<!-- Generated by org.testng.reporters.JUnitReportReporter -->
<testsuite hostname="LAPTOP-2HDSC3M4" failures="0" tests="4" name="com.freecrm.qa.test.Loginpagetest" time="1.005" errors="0" timestamp="2022-10-22T10:23:49 IST" skipped="0">
  <testcase classname="com.freecrm.qa.test.Loginpagetest" name="crmtest3" time="0.648"/>
  <system-out/>
  <testcase classname="com.freecrm.qa.test.Loginpagetest" name="crmtest" time="0.270"/>
  <system-out/>
  <testcase classname="com.freecrm.qa.test.Loginpagetest" name="crmtest1" time="0.049"/>
  <system-out/>
  <testcase classname="com.freecrm.qa.test.Loginpagetest" name="crmtest2" time="0.038"/>
  <system-out/>
</testsuite> <!-- com.freecrm.qa.test.Loginpagetest -->
