<?xml version="1.0" encoding="UTF-8"?>
<!-- Generated by org.testng.reporters.JUnitReportReporter -->
<testsuite hostname="LAPTOP-2HDSC3M4" failures="0" tests="1" name="com.guru.qa.testcase.editing" time="9.304" errors="0" timestamp="2022-11-01T17:17:31 IST" skipped="0">
  <testcase classname="com.guru.qa.testcase.editing" name="ggggg" time="9.304"/>
  <system-out/>
</testsuite> <!-- com.guru.qa.testcase.editing -->
