<?xml version="1.0" encoding="UTF-8"?>
<!-- Generated by org.testng.reporters.JUnitReportReporter -->
<testsuite hostname="LAPTOP-2HDSC3M4" failures="0" tests="1" name="com.guru.qa.testcase.Markone" time="8.870" errors="0" timestamp="2022-11-01T17:17:31 IST" skipped="0">
  <testcase classname="com.guru.qa.testcase.Markone" name="goon" time="8.870"/>
  <system-out/>
</testsuite> <!-- com.guru.qa.testcase.Markone -->
